Unsupposrted library path: D:\LabyMod addons\RepeatLastCommand\libs\lwjgl\assimp_license.txt
Unsupposrted library path: D:\LabyMod addons\RepeatLastCommand\libs\lwjgl\bgfx_license.txt
Unsupposrted library path: D:\LabyMod addons\RepeatLastCommand\libs\lwjgl\blendish_license.txt
Unsupposrted library path: D:\LabyMod addons\RepeatLastCommand\libs\lwjgl\build.txt
Unsupposrted library path: D:\LabyMod addons\RepeatLastCommand\libs\lwjgl\cuda_license.txt
Unsupposrted library path: D:\LabyMod addons\RepeatLastCommand\libs\lwjgl\glfw_license.txt
Unsupposrted library path: D:\LabyMod addons\RepeatLastCommand\libs\lwjgl\jemalloc_license.txt
Unsupposrted library path: D:\LabyMod addons\RepeatLastCommand\libs\lwjgl\khronos_license.txt
Unsupposrted library path: D:\LabyMod addons\RepeatLastCommand\libs\lwjgl\libdivide_license.txt
Unsupposrted library path: D:\LabyMod addons\RepeatLastCommand\libs\lwjgl\libffi_license.txt
Unsupposrted library path: D:\LabyMod addons\RepeatLastCommand\libs\lwjgl\liburing_license.txt
Unsupposrted library path: D:\LabyMod addons\RepeatLastCommand\libs\lwjgl\LICENSE
Unsupposrted library path: D:\LabyMod addons\RepeatLastCommand\libs\lwjgl\llvm_license.txt
Unsupposrted library path: D:\LabyMod addons\RepeatLastCommand\libs\lwjgl\lmdb_license.txt
Unsupposrted library path: D:\LabyMod addons\RepeatLastCommand\libs\lwjgl\lwjgl-release-all-zip.json
Unsupposrted library path: D:\LabyMod addons\RepeatLastCommand\libs\lwjgl\lz4_license.txt
Unsupposrted library path: D:\LabyMod addons\RepeatLastCommand\libs\lwjgl\meow_license.txt
Unsupposrted library path: D:\LabyMod addons\RepeatLastCommand\libs\lwjgl\meshoptimizer_license.txt
Unsupposrted library path: D:\LabyMod addons\RepeatLastCommand\libs\lwjgl\nanosvg_license.txt
Unsupposrted library path: D:\LabyMod addons\RepeatLastCommand\libs\lwjgl\nanovg_license.txt
Unsupposrted library path: D:\LabyMod addons\RepeatLastCommand\libs\lwjgl\nfd_license.txt
Unsupposrted library path: D:\LabyMod addons\RepeatLastCommand\libs\lwjgl\openal_soft_license.txt
Unsupposrted library path: D:\LabyMod addons\RepeatLastCommand\libs\lwjgl\openvr_license.txt
Unsupposrted library path: D:\LabyMod addons\RepeatLastCommand\libs\lwjgl\openxr_license.txt
Unsupposrted library path: D:\LabyMod addons\RepeatLastCommand\libs\lwjgl\opus_license.txt
Unsupposrted library path: D:\LabyMod addons\RepeatLastCommand\libs\lwjgl\ovr_license.txt
Unsupposrted library path: D:\LabyMod addons\RepeatLastCommand\libs\lwjgl\remotery_license.txt
Unsupposrted library path: D:\LabyMod addons\RepeatLastCommand\libs\lwjgl\rpmalloc_license.txt
Unsupposrted library path: D:\LabyMod addons\RepeatLastCommand\libs\lwjgl\shaderc_license.txt
Unsupposrted library path: D:\LabyMod addons\RepeatLastCommand\libs\lwjgl\tinyexr_license.txt
Unsupposrted library path: D:\LabyMod addons\RepeatLastCommand\libs\lwjgl\tinyfd_license.txt
Unsupposrted library path: D:\LabyMod addons\RepeatLastCommand\libs\lwjgl\tootle_directxmesh_license.txt
Unsupposrted library path: D:\LabyMod addons\RepeatLastCommand\libs\lwjgl\tootle_license.txt
Unsupposrted library path: D:\LabyMod addons\RepeatLastCommand\libs\lwjgl\vma_license.txt
Unsupposrted library path: D:\LabyMod addons\RepeatLastCommand\libs\lwjgl\xxhash_license.txt
Unsupposrted library path: D:\LabyMod addons\RepeatLastCommand\libs\lwjgl\yoga_license.txt
Unsupposrted library path: D:\LabyMod addons\RepeatLastCommand\libs\lwjgl\zstd_license.txt
Unsupposrted library path: D:\LabyMod addons\RepeatLastCommand\build\classes\api
Unsupposrted library path: D:\LabyMod addons\RepeatLastCommand\build\resources\api
Symbol range map extraction starting
Processing 1 files
startProcessing "net/labymod/addons/Wector11211/RepeatLastCommand.java" md5: d3589fce3769cc4ddfe09f6e4e8349a5
endProcessing "net/labymod/addons/Wector11211/RepeatLastCommand.java"

